  Compiling CUDA source file fastest-quicksort-with-index.cu...
  
  C:\Users\admin\Desktop\opencl\CudaApp>"C:\Program Files\NVIDIA GPU Computing Toolkit\CUDA\v12.2\bin\nvcc.exe" -gencode=arch=compute_89,code=\"sm_89,compute_89\" --use-local-env -ccbin "C:\Program Files\Microsoft Visual Studio\2022\Community\VC\Tools\MSVC\14.35.32215\bin\HostX64\x64" -x cu -rdc=true  -I"C:\Program Files\NVIDIA GPU Computing Toolkit\CUDA\v12.2\include" -I"C:\Program Files\NVIDIA GPU Computing Toolkit\CUDA\v12.2\include"  -G -lineinfo  --keep-dir x64\Debug     --machine 64 --compile -cudart static  -g  -D_DEBUG -D_CONSOLE -D"_UNICODE" -D"UNICODE" -Xcompiler "/EHsc /W3 /nologo /Od /FS /Zi /RTC1 /MDd " -Xcompiler "/Fdx64\Debug\vc143.pdb" -o C:\Users\admin\Desktop\opencl\CudaApp\x64\Debug\fastest-quicksort-with-index.cu.obj "C:\Users\admin\Desktop\opencl\CudaApp\fastest-quicksort-with-index.cu" 
  device_functions.h is an internal header file and must not be used directly.  This file will be removed in a future CUDA release.  Please use cuda_runtime_api.h or cuda_runtime.h instead.
  device_functions.h is an internal header file and must not be used directly.  This file will be removed in a future CUDA release.  Please use cuda_runtime_api.h or cuda_runtime.h instead.
CUDACOMPİLE : ptxas warning : Conflicting options --device-debug and --generate-line-info specified, ignoring --generate-line-info option
CUDACOMPİLE : nvcc warning : '--device-debug (-G)' overrides '--generate-line-info (-lineinfo)'
  fastest-quicksort-with-index.cu
  tmpxft_00004d50_00000000-7_fastest-quicksort-with-index.cudafe1.cpp
  device_functions.h is an internal header file and must not be used directly.  This file will be removed in a future CUDA release.  Please use cuda_runtime_api.h or cuda_runtime.h instead.
  device_functions.h is an internal header file and must not be used directly.  This file will be removed in a future CUDA release.  Please use cuda_runtime_api.h or cuda_runtime.h instead.
  
  C:\Users\admin\Desktop\opencl\CudaApp>"C:\Program Files\NVIDIA GPU Computing Toolkit\CUDA\v12.2\bin\nvcc.exe" -dlink  -o x64\Debug\FastestQuicksort.device-link.obj -Xcompiler "/EHsc /W3 /nologo /Od /Zi /RTC1 /MDd " -Xcompiler "/Fdx64\Debug\vc143.pdb" -L"C:\Program Files\NVIDIA GPU Computing Toolkit\CUDA\v12.2\bin/crt" -L"C:\Program Files\NVIDIA GPU Computing Toolkit\CUDA\v12.2\lib\x64" -L"C:\Program Files\NVIDIA GPU Computing Toolkit\CUDA\v12.2\lib\x64" cuda.lib kernel32.lib user32.lib gdi32.lib winspool.lib comdlg32.lib advapi32.lib shell32.lib ole32.lib oleaut32.lib uuid.lib odbc32.lib odbccp32.lib cudart.lib cudadevrt.lib  -gencode=arch=compute_89,code=sm_89 -G  "C:\Users\admin\Desktop\opencl\CudaApp\x64\Debug\fastest-quicksort-with-index.cu.obj" "C:\Users\admin\Desktop\opencl\CudaApp\x64\Debug\fastest-quicksort-with-index.cuh.obj" C:\Users\admin\Desktop\opencl\CudaApp\x64\Debug\main.cpp.obj 
  cuda.lib
  kernel32.lib
  user32.lib
  gdi32.lib
  winspool.lib
  comdlg32.lib
  advapi32.lib
  shell32.lib
  ole32.lib
  oleaut32.lib
  uuid.lib
  odbc32.lib
  odbccp32.lib
  cudart.lib
  cudadevrt.lib
  fastest-quicksort-with-index.cu.obj
  fastest-quicksort-with-index.cuh.obj
  main.cpp.obj
  CudaApp.vcxproj -> C:\Users\admin\Desktop\opencl\CudaApp\x64\Debug\FastestQuicksort.exe
